c:\openframeworks\of_v0.9.8_vs_release\apps\meshifier\meshifier\obj\release\contourfinder.obj
c:\openframeworks\of_v0.9.8_vs_release\apps\meshifier\meshifier\obj\release\tracker.obj
c:\openframeworks\of_v0.9.8_vs_release\apps\meshifier\meshifier\obj\release\ofxpanel.obj
c:\openframeworks\of_v0.9.8_vs_release\apps\meshifier\meshifier\obj\release\ofxcvgrayscaleimage.obj
c:\openframeworks\of_v0.9.8_vs_release\apps\meshifier\meshifier\obj\release\creeps.obj
c:\openframeworks\of_v0.9.8_vs_release\apps\meshifier\meshifier\obj\release\tri.obj
c:\openframeworks\of_v0.9.8_vs_release\apps\meshifier\meshifier\obj\release\etf.obj
c:\openframeworks\of_v0.9.8_vs_release\apps\meshifier\meshifier\obj\release\helpers.obj
c:\openframeworks\of_v0.9.8_vs_release\apps\meshifier\meshifier\obj\release\delaunay.obj
c:\openframeworks\of_v0.9.8_vs_release\apps\meshifier\meshifier\obj\release\ofxbasegui.obj
c:\openframeworks\of_v0.9.8_vs_release\apps\meshifier\meshifier\obj\release\ofxcvcolorimage.obj
c:\openframeworks\of_v0.9.8_vs_release\apps\meshifier\meshifier\obj\release\src_colors.obj
c:\openframeworks\of_v0.9.8_vs_release\apps\meshifier\meshifier\obj\release\svgtiny_list.obj
c:\openframeworks\of_v0.9.8_vs_release\apps\meshifier\meshifier\obj\release\main.obj
c:\openframeworks\of_v0.9.8_vs_release\apps\meshifier\meshifier\obj\release\utilities.obj
c:\openframeworks\of_v0.9.8_vs_release\apps\meshifier\meshifier\obj\release\ofxslidergroup.obj
c:\openframeworks\of_v0.9.8_vs_release\apps\meshifier\meshifier\obj\release\ofxsvg.obj
c:\openframeworks\of_v0.9.8_vs_release\apps\meshifier\meshifier\obj\release\ofxautoreloadedshader.obj
c:\openframeworks\of_v0.9.8_vs_release\apps\meshifier\meshifier\obj\release\objectfinder.obj
c:\openframeworks\of_v0.9.8_vs_release\apps\meshifier\meshifier\obj\release\ofxguigroup.obj
c:\openframeworks\of_v0.9.8_vs_release\apps\meshifier\meshifier\obj\release\ofxcvimage.obj
c:\openframeworks\of_v0.9.8_vs_release\apps\meshifier\meshifier\obj\release\fdog.obj
c:\openframeworks\of_v0.9.8_vs_release\apps\meshifier\meshifier\obj\release\kalman.obj
c:\openframeworks\of_v0.9.8_vs_release\apps\meshifier\meshifier\obj\release\ofxbutton.obj
c:\openframeworks\of_v0.9.8_vs_release\apps\meshifier\meshifier\obj\release\ofxcvcontourfinder.obj
c:\openframeworks\of_v0.9.8_vs_release\apps\meshifier\meshifier\obj\release\svgtiny.obj
c:\openframeworks\of_v0.9.8_vs_release\apps\meshifier\meshifier\obj\release\ofxvectorgraphics.obj
c:\openframeworks\of_v0.9.8_vs_release\apps\meshifier\meshifier\obj\release\distance.obj
c:\openframeworks\of_v0.9.8_vs_release\apps\meshifier\meshifier\obj\release\flow.obj
c:\openframeworks\of_v0.9.8_vs_release\apps\meshifier\meshifier\obj\release\ofxdelaunay.obj
c:\openframeworks\of_v0.9.8_vs_release\apps\meshifier\meshifier\obj\release\ofxslider.obj
c:\openframeworks\of_v0.9.8_vs_release\apps\meshifier\meshifier\obj\release\ofxcvshortimage.obj
c:\openframeworks\of_v0.9.8_vs_release\apps\meshifier\meshifier\obj\release\calibration.obj
c:\openframeworks\of_v0.9.8_vs_release\apps\meshifier\meshifier\obj\release\runningbackground.obj
c:\openframeworks\of_v0.9.8_vs_release\apps\meshifier\meshifier\obj\release\ofxlabel.obj
c:\openframeworks\of_v0.9.8_vs_release\apps\meshifier\meshifier\obj\release\ofxcvfloatimage.obj
c:\openframeworks\of_v0.9.8_vs_release\apps\meshifier\meshifier\obj\release\svgtiny_gradient.obj
c:\openframeworks\of_v0.9.8_vs_release\apps\meshifier\meshifier\obj\release\ofapp.obj
c:\openframeworks\of_v0.9.8_vs_release\apps\meshifier\meshifier\obj\release\wrappers.obj
c:\openframeworks\of_v0.9.8_vs_release\apps\meshifier\meshifier\obj\release\ofxtoggle.obj
c:\openframeworks\of_v0.9.8_vs_release\apps\meshifier\meshifier\obj\release\ofxcvhaarfinder.obj
c:\openframeworks\of_v0.9.8_vs_release\apps\meshifier\meshifier\obj\release\vc140.pdb
c:\openframeworks\of_v0.9.8_vs_release\apps\meshifier\meshifier\bin\meshifier.exe
c:\openframeworks\of_v0.9.8_vs_release\apps\meshifier\meshifier\bin\meshifier.lib
c:\openframeworks\of_v0.9.8_vs_release\apps\meshifier\meshifier\bin\meshifier.exp
c:\openframeworks\of_v0.9.8_vs_release\apps\meshifier\meshifier\obj\release\icon.res
c:\openframeworks\of_v0.9.8_vs_release\apps\meshifier\meshifier\obj\release\meshifier.tlog\cl.10392.write.1.tlog
c:\openframeworks\of_v0.9.8_vs_release\apps\meshifier\meshifier\obj\release\meshifier.tlog\cl.command.1.tlog
c:\openframeworks\of_v0.9.8_vs_release\apps\meshifier\meshifier\obj\release\meshifier.tlog\cl.read.1.tlog
c:\openframeworks\of_v0.9.8_vs_release\apps\meshifier\meshifier\obj\release\meshifier.tlog\link.command.1.tlog
c:\openframeworks\of_v0.9.8_vs_release\apps\meshifier\meshifier\obj\release\meshifier.tlog\link.read.1.tlog
c:\openframeworks\of_v0.9.8_vs_release\apps\meshifier\meshifier\obj\release\meshifier.tlog\link.write.1.tlog
c:\openframeworks\of_v0.9.8_vs_release\apps\meshifier\meshifier\obj\release\meshifier.tlog\meshifier.write.1u.tlog
c:\openframeworks\of_v0.9.8_vs_release\apps\meshifier\meshifier\obj\release\meshifier.tlog\rc.command.1.tlog
c:\openframeworks\of_v0.9.8_vs_release\apps\meshifier\meshifier\obj\release\meshifier.tlog\rc.read.1.tlog
c:\openframeworks\of_v0.9.8_vs_release\apps\meshifier\meshifier\obj\release\meshifier.tlog\rc.write.1.tlog
